\BOOKMARK [1][-]{section.0}{\376\377\000V\000o\000r\000b\000e\000r\000e\000i\000t\000u\000n\000g\000\040\000z\000u\000r\000\040\000N\000u\000t\000z\000u\000n\000g\000\040\000d\000e\000s\000\040\000S\000k\000r\000i\000p\000t\000e\000s}{}% 1
\BOOKMARK [1][-]{section.1}{\376\377\000E\000i\000n\000l\000e\000i\000t\000u\000n\000g}{}% 2
\BOOKMARK [1][-]{section.2}{\376\377\000M\000a\000t\000h\000e\000m\000a\000t\000i\000k}{}% 3
\BOOKMARK [2][-]{subsection.2.1}{\376\377\000L\000o\000g\000i\000k}{section.2}% 4
\BOOKMARK [2][-]{subsection.2.2}{\376\377\000N\000a\000t\000\374\000r\000l\000i\000c\000h\000e\000\040\000Z\000a\000h\000l\000e\000n}{section.2}% 5
\BOOKMARK [2][-]{subsection.2.3}{\376\377\000R\000e\000e\000l\000l\000e\000\040\000Z\000a\000h\000l\000e\000n}{section.2}% 6
\BOOKMARK [1][-]{section.3}{\376\377\000H\000i\000n\000w\000e\000i\000s\000e\000\040\000z\000u\000\040\000L\000e\000a\000n}{}% 7
\BOOKMARK [2][-]{subsection.3.1}{\376\377\000D\000e\000p\000e\000n\000d\000e\000n\000t\000\040\000t\000y\000p\000e\000\040\000t\000h\000e\000o\000r\000y}{section.3}% 8
\BOOKMARK [2][-]{subsection.3.2}{\376\377\000V\000o\000n\000\040\000U\000n\000i\000v\000e\000r\000s\000e\000n\000,\000\040\000T\000y\000p\000e\000n\000\040\000u\000n\000d\000\040\000T\000e\000r\000m\000e\000n}{section.3}% 9
\BOOKMARK [2][-]{subsection.3.3}{\376\377\000F\000u\000n\000k\000t\000i\000o\000n\000e\000d\000e\000f\000i\000n\000i\000t\000i\000o\000n}{section.3}% 10
\BOOKMARK [2][-]{subsection.3.4}{\376\377\000G\000l\000e\000i\000c\000h\000h\000e\000i\000t}{section.3}% 11
\BOOKMARK [2][-]{subsection.3.5}{\376\377\000V\000e\000r\000s\000c\000h\000i\000e\000d\000e\000n\000e\000\040\000K\000l\000a\000m\000m\000e\000r\000n\000\040\000i\000n\000\040\000L\000e\000a\000n}{section.3}% 12
\BOOKMARK [2][-]{subsection.3.6}{\376\377\000N\000a\000m\000e\000n\000\040\000v\000o\000n\000\040\000m\000a\000t\000h\000l\000i\000b\000-\000R\000e\000s\000u\000l\000t\000a\000t\000e\000n}{section.3}% 13
\BOOKMARK [1][-]{section.4}{\376\377\000T\000a\000k\000t\000i\000k\000e\000n}{}% 14
\BOOKMARK [2][-]{subsection.4.1}{\376\377\000C\000h\000e\000a\000t\000s\000h\000e\000e\000t}{section.4}% 15
\BOOKMARK [2][-]{section*.5}{\376\377\000a\000p\000p\000l\000y}{section.4}% 16
\BOOKMARK [2][-]{section*.9}{\376\377\000a\000s\000s\000u\000m\000p\000t\000i\000o\000n}{section.4}% 17
\BOOKMARK [2][-]{section*.13}{\376\377\000b\000y\000_\000c\000a\000s\000e\000s}{section.4}% 18
\BOOKMARK [2][-]{section*.17}{\376\377\000b\000y\000_\000c\000o\000n\000t\000r\000a}{section.4}% 19
\BOOKMARK [2][-]{section*.21}{\376\377\000c\000a\000l\000c}{section.4}% 20
\BOOKMARK [2][-]{section*.25}{\376\377\000c\000a\000s\000e\000s}{section.4}% 21
\BOOKMARK [2][-]{section*.29}{\376\377\000c\000h\000a\000n\000g\000e}{section.4}% 22
\BOOKMARK [2][-]{section*.33}{\376\377\000c\000l\000e\000a\000r}{section.4}% 23
\BOOKMARK [2][-]{section*.36}{\376\377\000c\000o\000n\000g\000r}{section.4}% 24
\BOOKMARK [2][-]{section*.40}{\376\377\000e\000x\000a\000c\000t}{section.4}% 25
\BOOKMARK [2][-]{section*.44}{\376\377\000e\000x\000f\000a\000l\000s\000o}{section.4}% 26
\BOOKMARK [2][-]{section*.48}{\376\377\000h\000a\000v\000e}{section.4}% 27
\BOOKMARK [2][-]{section*.52}{\376\377\000i\000n\000d\000u\000c\000t\000i\000o\000n}{section.4}% 28
\BOOKMARK [2][-]{section*.55}{\376\377\000i\000n\000t\000r\000o}{section.4}% 29
\BOOKMARK [2][-]{section*.59}{\376\377\000i\000n\000t\000r\000o\000s}{section.4}% 30
\BOOKMARK [2][-]{section*.63}{\376\377\000l\000e\000f\000t}{section.4}% 31
\BOOKMARK [2][-]{section*.67}{\376\377\000l\000i\000b\000r\000a\000r\000y\000_\000s\000e\000a\000r\000c\000h}{section.4}% 32
\BOOKMARK [2][-]{section*.71}{\376\377\000l\000i\000n\000a\000r\000i\000t\000h}{section.4}% 33
\BOOKMARK [2][-]{section*.74}{\376\377\000n\000o\000r\000m\000_\000n\000u\000m}{section.4}% 34
\BOOKMARK [2][-]{section*.78}{\376\377\000n\000t\000h\000_\000r\000e\000w\000r\000i\000t\000e}{section.4}% 35
\BOOKMARK [2][-]{section*.81}{\376\377\000o\000b\000t\000a\000i\000n}{section.4}% 36
\BOOKMARK [2][-]{section*.84}{\376\377\000p\000u\000s\000h\000_\000n\000e\000g}{section.4}% 37
\BOOKMARK [2][-]{section*.88}{\376\377\000r\000c\000a\000s\000e\000s}{section.4}% 38
\BOOKMARK [2][-]{section*.92}{\376\377\000r\000e\000f\000i\000n\000e}{section.4}% 39
\BOOKMARK [2][-]{section*.95}{\376\377\000r\000e\000f\000l}{section.4}% 40
\BOOKMARK [2][-]{section*.99}{\376\377\000r\000e\000v\000e\000r\000t}{section.4}% 41
\BOOKMARK [2][-]{section*.103}{\376\377\000r\000i\000g\000h\000t}{section.4}% 42
\BOOKMARK [2][-]{section*.106}{\376\377\000r\000i\000n\000g}{section.4}% 43
\BOOKMARK [2][-]{section*.110}{\376\377\000r\000i\000n\000t\000r\000o}{section.4}% 44
\BOOKMARK [2][-]{section*.114}{\376\377\000r\000w}{section.4}% 45
\BOOKMARK [2][-]{section*.118}{\376\377\000s\000i\000m\000p}{section.4}% 46
\BOOKMARK [2][-]{section*.122}{\376\377\000s\000p\000e\000c\000i\000a\000l\000i\000z\000e}{section.4}% 47
\BOOKMARK [2][-]{section*.126}{\376\377\000s\000p\000l\000i\000t}{section.4}% 48
\BOOKMARK [2][-]{section*.130}{\376\377\000t\000a\000u\000t\000o}{section.4}% 49
\BOOKMARK [2][-]{section*.134}{\376\377\000t\000r\000i\000v}{section.4}% 50
\BOOKMARK [2][-]{section*.137}{\376\377\000u\000s\000e}{section.4}% 51
